<?xml version="1.0" encoding="UTF-8"?>
<!-- Generated by org.testng.reporters.JUnitReportReporter -->
<testsuite hostname="DESKTOP-UQS4MU0" failures="0" tests="1" name="com.tests.demos.NewTest" time="0.013" errors="0" timestamp="2024-05-28T10:01:29 IST" skipped="0">
  <testcase classname="com.tests.demos.NewTest" name="testmethod1" time="0.013"/>
  <system-out/>
</testsuite> <!-- com.tests.demos.NewTest -->
