<?xml version="1.0" encoding="UTF-8"?>
<!-- Generated by org.testng.reporters.JUnitReportReporter -->
<testsuite hostname="DESKTOP-UQS4MU0" failures="0" tests="1" name="Demo1.Testcase1" time="0.002" errors="0" timestamp="2024-05-14T14:50:08 IST" skipped="0">
  <testcase classname="Demo1.Testcase1" name="login" time="0.002"/>
  <system-out>
    <![CDATA[User logged in]]>
  </system-out>
</testsuite> <!-- Demo1.Testcase1 -->
