<?xml version="1.0" encoding="UTF-8"?>
<!-- Generated by org.testng.reporters.JUnitReportReporter -->
<testsuite hostname="DESKTOP-UQS4MU0" failures="0" tests="1" name="Demo1.pareamerersdemo" time="0.020" errors="0" timestamp="2024-04-28T12:32:34 IST" skipped="0">
  <testcase classname="Demo1.pareamerersdemo" name="testA" time="0.020"/>
  <system-out>
    <![CDATA[null]]>
  </system-out>
</testsuite> <!-- Demo1.pareamerersdemo -->
