<?xml version="1.0" encoding="UTF-8"?>
<!-- Generated by org.testng.reporters.JUnitReportReporter -->
<testsuite hostname="DESKTOP-UQS4MU0" failures="0" tests="1" name="test1" time="0.019" errors="0" timestamp="2024-04-27T17:02:03 IST" skipped="0">
  <testcase classname="test1" name="Testcase1" time="0.019"/>
  <system-out/>
</testsuite> <!-- test1 -->
