<?xml version="1.0" encoding="UTF-8"?>
<!-- Generated by org.testng.reporters.JUnitReportReporter -->
<testsuite hostname="DESKTOP-UQS4MU0" failures="0" tests="1" name="Test2" time="0.014" errors="0" timestamp="2024-04-27T19:01:39 IST" skipped="0">
  <testcase classname="Test2" name="Testcase2" time="0.014"/>
  <system-out/>
</testsuite> <!-- Test2 -->
